<?xml version="1.0" encoding="UTF-8"?>
<!-- Generated by org.testng.reporters.JUnitReportReporter -->
<testsuite hostname="Abhays-MacBook-Pro.local" name="smoketests.LoginPresentTestNG" tests="1" failures="0" timestamp="6 Mar 2019 20:04:18 GMT" time="3.192" errors="0">
  <testcase name="loginElementPresentTest" time="3.192" classname="smoketests.LoginPresentTestNG"/>
</testsuite> <!-- smoketests.LoginPresentTestNG -->
