<?xml version="1.0" encoding="UTF-8"?>
<!-- Generated by org.testng.reporters.JUnitReportReporter -->
<testsuite hostname="Abhays-MacBook-Pro.local" name="tests.LoginDDT" tests="4" failures="0" timestamp="7 Mar 2019 20:24:39 GMT" time="21.808" errors="0">
  <testcase name="loginTest" time="4.942" classname="tests.LoginDDT"/>
  <testcase name="loginTest" time="5.705" classname="tests.LoginDDT"/>
  <testcase name="loginTest" time="6.761" classname="tests.LoginDDT"/>
  <testcase name="loginTest" time="4.400" classname="tests.LoginDDT"/>
</testsuite> <!-- tests.LoginDDT -->
