<?xml version="1.0" encoding="UTF-8"?>
<!-- Generated by org.testng.reporters.JUnitReportReporter -->
<testsuite hostname="Abhays-MacBook-Pro.local" name="tests.Expedia" tests="1" failures="0" timestamp="13 Mar 2019 18:37:20 GMT" time="28.064" errors="0">
  <testcase name="hotelReservation" time="28.064" classname="tests.Expedia"/>
</testsuite> <!-- tests.Expedia -->
