<?xml version="1.0" encoding="UTF-8"?>
<!-- Generated by org.testng.reporters.JUnitReportReporter -->
<testsuite hostname="Abhays-MacBook-Pro.local" name="smoketests.ATagsTest" tests="1" failures="0" timestamp="6 Mar 2019 20:04:23 GMT" time="4.076" errors="0">
  <testcase name="loginElementPresentTest" time="4.076" classname="smoketests.ATagsTest"/>
</testsuite> <!-- smoketests.ATagsTest -->
